{
  "RSpec": {
    "coverage": {
      "/Users/apprentice/Gear-Share/app/models/user.rb": [
        1,
        1,
        1,
        1,
        null,
        null,
        null,
        1,
        null,
        null,
        1,
        1,
        null
      ],
      "/Users/apprentice/Gear-Share/app/models/application_record.rb": [
        1,
        1,
        null
      ],
      "/Users/apprentice/Gear-Share/app/helpers/application_helper.rb": [
        1,
        null
      ],
      "/Users/apprentice/Gear-Share/app/helpers/dialogs_helper.rb": [
        1,
        null
      ],
      "/Users/apprentice/Gear-Share/app/helpers/items_helper.rb": [
        1,
        null
      ],
      "/Users/apprentice/Gear-Share/app/helpers/profiles_helper.rb": [
        1,
        null
      ],
      "/Users/apprentice/Gear-Share/app/helpers/reservations_helper.rb": [
        1,
        null
      ],
      "/Users/apprentice/Gear-Share/app/helpers/user_helper.rb": [
        1,
        null
      ],
      "/Users/apprentice/Gear-Share/app/helpers/users_helper.rb": [
        1,
        null
      ],
      "/Users/apprentice/Gear-Share/app/controllers/sessions_controller.rb": [
        1,
        null,
        null,
        null
      ],
      "/Users/apprentice/Gear-Share/app/controllers/application_controller.rb": [
        1,
        1,
        1,
        null,
        1,
        null,
        1,
        1,
        null,
        null,
        1,
        4,
        4,
        null,
        null
      ],
      "/Users/apprentice/Gear-Share/app/controllers/profiles_controller.rb": [
        1,
        1,
        1,
        1,
        1,
        null,
        null
      ],
      "/Users/apprentice/Gear-Share/app/models/item.rb": [
        1,
        null,
        1,
        1,
        null,
        1,
        null,
        null,
        1,
        null,
        1,
        0,
        null,
        null,
        null
      ],
      "/Users/apprentice/Gear-Share/app/models/reservation.rb": [
        1,
        1,
        1,
        1,
        null,
        1,
        null,
        null
      ],
      "/Users/apprentice/Gear-Share/app/channels/application_cable/channel.rb": [
        0,
        0,
        0,
        0
      ],
      "/Users/apprentice/Gear-Share/app/channels/application_cable/connection.rb": [
        0,
        0,
        0,
        0
      ],
      "/Users/apprentice/Gear-Share/app/controllers/dialogs_controller.rb": [
        0,
        0,
        0,
        0,
        null,
        0,
        0,
        0,
        0,
        0,
        0,
        null,
        0,
        0,
        0,
        0,
        0,
        null,
        0,
        0,
        0,
        0,
        0,
        0,
        null,
        0,
        0,
        0,
        null,
        0,
        0,
        0,
        0,
        0,
        0,
        0,
        0,
        null,
        0,
        0,
        0,
        0,
        0,
        0,
        0,
        0,
        null,
        0,
        0,
        0,
        0,
        null,
        0
      ],
      "/Users/apprentice/Gear-Share/app/controllers/items_controller.rb": [
        0,
        0,
        0,
        null,
        0,
        0,
        0,
        0,
        0,
        0,
        null,
        0,
        0,
        0,
        0,
        null,
        0,
        0,
        0,
        null,
        0,
        0,
        0,
        null,
        0,
        0,
        0,
        0,
        0,
        0,
        null,
        0,
        0,
        0,
        null,
        0,
        0,
        null,
        0,
        0,
        0,
        0,
        0,
        0,
        0,
        0,
        null,
        0,
        0,
        0,
        0,
        0,
        0,
        0,
        0,
        null,
        0,
        0,
        0,
        0,
        null,
        0
      ],
      "/Users/apprentice/Gear-Share/app/controllers/lists_controller.rb": [
        0,
        null,
        0,
        0,
        0,
        null,
        0,
        0,
        0,
        null,
        0,
        0,
        0,
        null,
        0,
        0,
        0,
        0,
        0,
        0,
        null,
        0,
        0,
        0,
        0,
        null,
        0,
        0,
        0,
        null,
        0,
        0,
        null,
        0,
        0,
        0,
        0,
        0,
        0,
        null,
        0,
        0,
        0,
        null,
        0,
        0,
        0
      ],
      "/Users/apprentice/Gear-Share/app/controllers/reservations_controller.rb": [
        0,
        0,
        0,
        0,
        null,
        0,
        0,
        0,
        0,
        0,
        null,
        0,
        0,
        0,
        0,
        null,
        0,
        0,
        0,
        0,
        0,
        0,
        null,
        0,
        0,
        0,
        0,
        0,
        0,
        null,
        0,
        0,
        0,
        null,
        0,
        0,
        0,
        0,
        0,
        0,
        0,
        0,
        null,
        0,
        0,
        0,
        0,
        0,
        0,
        0,
        0,
        null,
        0,
        null,
        0,
        0,
        0,
        null,
        0
      ],
      "/Users/apprentice/Gear-Share/app/controllers/users/confirmations_controller.rb": [
        0,
        null,
        null,
        null,
        null,
        null,
        null,
        null,
        null,
        null,
        null,
        null,
        null,
        null,
        null,
        null,
        null,
        null,
        null,
        null,
        null,
        null,
        null,
        null,
        null,
        null,
        null,
        0
      ],
      "/Users/apprentice/Gear-Share/app/controllers/users/omniauth_callbacks_controller.rb": [
        0,
        null,
        null,
        null,
        null,
        null,
        null,
        null,
        null,
        null,
        null,
        null,
        null,
        null,
        null,
        null,
        null,
        null,
        null,
        null,
        null,
        null,
        null,
        null,
        null,
        null,
        null,
        0
      ],
      "/Users/apprentice/Gear-Share/app/controllers/users/passwords_controller.rb": [
        0,
        null,
        null,
        null,
        null,
        null,
        null,
        null,
        null,
        null,
        null,
        null,
        null,
        null,
        null,
        null,
        null,
        null,
        null,
        null,
        null,
        null,
        null,
        null,
        null,
        null,
        null,
        null,
        null,
        null,
        null,
        0
      ],
      "/Users/apprentice/Gear-Share/app/controllers/users/registrations_controller.rb": [
        0,
        null,
        null,
        null,
        null,
        null,
        null,
        null,
        null,
        null,
        null,
        null,
        null,
        null,
        null,
        null,
        null,
        null,
        null,
        null,
        null,
        null,
        null,
        null,
        null,
        null,
        null,
        null,
        null,
        null,
        null,
        null,
        null,
        null,
        null,
        null,
        null,
        null,
        null,
        null,
        null,
        null,
        null,
        null,
        null,
        null,
        null,
        null,
        null,
        null,
        null,
        null,
        null,
        null,
        null,
        null,
        null,
        null,
        null,
        0
      ],
      "/Users/apprentice/Gear-Share/app/controllers/users/sessions_controller.rb": [
        0,
        0,
        null,
        null,
        0,
        0,
        0,
        null,
        null,
        0,
        0,
        0,
        0,
        null,
        null,
        0,
        0,
        0,
        null,
        0,
        null,
        null,
        0,
        0,
        0,
        0
      ],
      "/Users/apprentice/Gear-Share/app/controllers/users/unlocks_controller.rb": [
        0,
        null,
        null,
        null,
        null,
        null,
        null,
        null,
        null,
        null,
        null,
        null,
        null,
        null,
        null,
        null,
        null,
        null,
        null,
        null,
        null,
        null,
        null,
        null,
        null,
        null,
        null,
        0
      ],
      "/Users/apprentice/Gear-Share/app/controllers/users_controller.rb": [
        0,
        null,
        null,
        0,
        0,
        0,
        null,
        null,
        0,
        0,
        null,
        0,
        0,
        null,
        null,
        0,
        0,
        null,
        0,
        0,
        null,
        null,
        0,
        0,
        0,
        0,
        null,
        null,
        0,
        0,
        0,
        null,
        null,
        0,
        0,
        0,
        null,
        null,
        0,
        0,
        0,
        0
      ],
      "/Users/apprentice/Gear-Share/app/jobs/application_job.rb": [
        0,
        0
      ],
      "/Users/apprentice/Gear-Share/app/mailers/application_mailer.rb": [
        0,
        0,
        0,
        0
      ],
      "/Users/apprentice/Gear-Share/app/models/dialog.rb": [
        0,
        0,
        0
      ],
      "/Users/apprentice/Gear-Share/app/models/list.rb": [
        0,
        0,
        0,
        0
      ],
      "/Users/apprentice/Gear-Share/app/models/profile.rb": [
        0,
        0
      ],
      "/Users/apprentice/Gear-Share/app/models/task.rb": [
        0,
        0,
        0
      ]
    },
    "timestamp": 1506981307
  }
}
